\BOOKMARK [0][-]{chapter.1}{\376\377\000\332\000v\000o\000d}{}% 1
\BOOKMARK [1][-]{subsection.1.0.1}{\376\377\000D\000o\000s\000t\000u\000p\000n\000o\000s\000t\000\040\000h\000e\000r}{chapter.1}% 2
\BOOKMARK [2][-]{subsection.1.0.2}{\376\377\000E\000m\000u\000l\000\341\000t\000o\000r\000y}{subsection.1.0.1}% 3
\BOOKMARK [0][-]{chapter.2}{\376\377\000P\000l\000a\000y\000S\000t\000a\000t\000i\000o\000n}{}% 4
\BOOKMARK [1][-]{section.2.1}{\376\377\000N\000T\000S\000C\000/\000P\000A\000L\000\040\000a\000\040\000b\000e\000z\000p\000e\001\015\000n\000o\000s\000t}{chapter.2}% 5
\BOOKMARK [1][-]{section.2.2}{\376\377\000E\000x\000i\000s\000t\000u\000j\000\355\000c\000\355\000\040\000e\000m\000u\000l\000\341\000t\000o\000r\000y}{chapter.2}% 6
\BOOKMARK [1][-]{section.2.3}{\376\377\000R\000e\000n\000d\000e\000r\000o\000v\000a\000c\000\355\000\040\000r\000o\000z\000l\000i\001\141\000e\000n\000\355}{chapter.2}% 7
\BOOKMARK [0][-]{chapter.3}{\376\377\000A\000r\000c\000h\000i\000t\000e\000k\000t\000u\000r\000a}{}% 8
\BOOKMARK [1][-]{section.3.1}{\376\377\000N\000\341\000s\000t\000r\000o\000j\000e}{chapter.3}% 9
\BOOKMARK [1][-]{section.3.2}{\376\377\000H\000a\000r\000d\000w\000a\000r\000o\000v\000\341\000\040\000k\000o\000m\000p\000o\000n\000e\000n\000t\000a}{chapter.3}% 10
\BOOKMARK [1][-]{section.3.3}{\376\377\000N\000\341\000v\000r\000h\000\040\000a\000r\000c\000h\000i\000t\000e\000k\000t\000u\000r\000y}{chapter.3}% 11
\BOOKMARK [0][-]{chapter.4}{\376\377\000H\000a\000r\000d\000w\000a\000r\000o\000v\000\351\000\040\000k\000o\000m\000p\000o\000n\000e\000n\000t\000y}{}% 12
\BOOKMARK [1][-]{section.4.1}{\376\377\000S\000b\001\033\000r\000n\000i\000c\000e}{chapter.4}% 13
\BOOKMARK [2][-]{subsection.4.1.1}{\376\377\000V\000i\000r\000t\000u\000\341\000l\000n\000\355\000\040\000p\000a\000m\001\033\001\145}{section.4.1}% 14
\BOOKMARK [2][-]{subsection.4.1.2}{\376\377\000V\000y\000r\000o\000v\000n\000\341\000v\000a\000c\000\355\000\040\000p\000a\000m\001\033\001\145\000\040\000i\000n\000s\000t\000r\000u\000k\000c\000\355}{section.4.1}% 15
\BOOKMARK [2][-]{subsection.4.1.3}{\376\377\001\014\000a\000s\000o\000v\000\341\000n\000\355}{section.4.1}% 16
\BOOKMARK [1][-]{section.4.2}{\376\377\000C\000P\000U}{chapter.4}% 17
\BOOKMARK [2][-]{subsection.4.2.1}{\376\377\000V\000n\000i\000t\001\131\000n\000\355\000\040\000s\000t\000a\000v\000\040\000C\000P\000U}{section.4.2}% 18
\BOOKMARK [2][-]{subsection.4.2.2}{\376\377\000Z\000p\000o\001\176\000d\001\033\000n\000\355\000\040\000n\000a\001\015\000\355\000t\000\341\000n\000\355\000\040\000h\000o\000d\000n\000o\000t}{section.4.2}% 19
\BOOKMARK [2][-]{subsection.4.2.3}{\376\377\000Z\000p\000o\001\176\000d\001\033\000n\000\355\000\040\000s\000k\000o\000k\000u}{section.4.2}% 20
\BOOKMARK [2][-]{subsection.4.2.4}{\376\377\000I\000n\000s\000t\000r\000u\000k\001\015\000n\000\355\000\040\000s\000a\000d\000a}{section.4.2}% 21
\BOOKMARK [2][-]{subsection.4.2.5}{\376\377\000K\000o\000p\000r\000o\000c\000e\000s\000o\000r\000y}{section.4.2}% 22
\BOOKMARK [1][-]{section.4.3}{\376\377\000G\000P\000U}{chapter.4}% 23
\BOOKMARK [2][-]{subsection.4.3.1}{\376\377\000V\000R\000A\000M}{section.4.3}% 24
\BOOKMARK [2][-]{subsection.4.3.2}{\376\377\000G\000e\000o\000m\000e\000t\000r\000i\000c\000k\000\341\000\040\000p\000r\000i\000m\000i\000t\000i\000v\000a}{section.4.3}% 25
\BOOKMARK [2][-]{subsection.4.3.3}{\376\377\000B\000a\000r\000v\000y}{section.4.3}% 26
\BOOKMARK [2][-]{subsection.4.3.4}{\376\377\000R\000a\000s\000t\000e\000r\000i\000z\000a\000c\000e\000\040\000p\000r\000i\000m\000i\000t\000i\000v}{section.4.3}% 27
\BOOKMARK [2][-]{subsection.4.3.5}{\376\377\000Z\000v\000\375\001\141\000e\000n\000\355\000\040\000r\000o\000z\000l\000i\001\141\000e\000n\000\355}{section.4.3}% 28
\BOOKMARK [1][-]{section.4.4}{\376\377\000D\000M\000A}{chapter.4}% 29
\BOOKMARK [1][-]{section.4.5}{\376\377\000O\000v\000l\000a\000d\000a\001\015\000\040\000p\001\131\000e\000r\000u\001\141\000e\000n\000\355\000/\000v\000\375\000j\000i\000m\000e\000k}{chapter.4}% 30
\BOOKMARK [1][-]{section.4.6}{\376\377\001\014\000a\000s\000o\000v\000a\001\015\000e}{chapter.4}% 31
\BOOKMARK [1][-]{section.4.7}{\376\377\000M\000D\000E\000C}{chapter.4}% 32
\BOOKMARK [1][-]{section.4.8}{\376\377\000C\000D\000-\000R\000O\000M\000\040\000m\000e\000c\000h\000a\000n\000i\000k\000a}{chapter.4}% 33
\BOOKMARK [1][-]{section.4.9}{\376\377\000P\000e\000r\000i\000f\000\351\000r\000i\000e}{chapter.4}% 34
\BOOKMARK [0][-]{chapter.5}{\376\377\000B\000I\000O\000S}{}% 35
\BOOKMARK [1][-]{section.5.1}{\376\377\000O\000d\000r\000a\000z\000o\000v\000\375\000\040\000b\000o\000d}{chapter.5}% 36
\BOOKMARK [1][-]{section.5.2}{\376\377\000F\000u\000n\000k\000c\000e}{chapter.5}% 37
\BOOKMARK [1][-]{section.5.3}{\376\377\000F\000\341\000z\000e\000\040\000B\000I\000O\000S\000u}{chapter.5}% 38
\BOOKMARK [2][-]{subsection.5.3.1}{\376\377\000Z\000a\000v\000\341\000d\001\033\000c\000\355\000\040\000f\000\341\000z\000e}{section.5.3}% 39
\BOOKMARK [2][-]{subsection.5.3.2}{\376\377\000J\000\341\000d\000r\000o\000\040\000B\000I\000O\000S\000u}{section.5.3}% 40
\BOOKMARK [0][-]{chapter.6}{\376\377\000Z\000\341\000v\001\033\000r}{}% 41
\BOOKMARK [0][-]{chapter*.3}{\376\377\000L\000i\000t\000e\000r\000a\000t\000u\000r\000a}{}% 42
